Flow report for motor
Thu Oct 25 16:01:37 2018
Quartus Prime Version 18.0.0 Build 614 04/24/2018 SJ Standard Edition


---------------------
; Table of Contents ;
---------------------
  1. Legal Notice
  2. Flow Summary
  3. Flow Settings
  4. Flow Non-Default Global Settings
  5. Flow Elapsed Time
  6. Flow OS Summary
  7. Flow Log
  8. Flow Messages
  9. Flow Suppressed Messages



----------------
; Legal Notice ;
----------------
Copyright (C) 2018  Intel Corporation. All rights reserved.
Your use of Intel Corporation's design tools, logic functions 
and other software and tools, and its AMPP partner logic 
functions, and any output files from any of the foregoing 
(including device programming or simulation files), and any 
associated documentation or information are expressly subject 
to the terms and conditions of the Intel Program License 
Subscription Agreement, the Intel Quartus Prime License Agreement,
the Intel FPGA IP License Agreement, or other applicable license
agreement, including, without limitation, that your use is for
the sole purpose of programming logic devices manufactured by
Intel and sold by Intel or its authorized distributors.  Please
refer to the applicable agreement for further details.



+--------------------------------------------------------------------------------------+
; Flow Summary                                                                         ;
+------------------------------------+-------------------------------------------------+
; Flow Status                        ; Successful - Thu Oct 25 16:01:33 2018           ;
; Quartus Prime Version              ; 18.0.0 Build 614 04/24/2018 SJ Standard Edition ;
; Revision Name                      ; motor                                           ;
; Top-level Entity Name              ; motor_test                                      ;
; Family                             ; Cyclone IV GX                                   ;
; Device                             ; EP4CGX50CF23I7                                  ;
; Timing Models                      ; Final                                           ;
; Total logic elements               ; 3,446 / 49,888 ( 7 % )                          ;
;     Total combinational functions  ; 1,657 / 49,888 ( 3 % )                          ;
;     Dedicated logic registers      ; 2,858 / 49,888 ( 6 % )                          ;
; Total registers                    ; 2858                                            ;
; Total pins                         ; 5 / 307 ( 2 % )                                 ;
; Total virtual pins                 ; 0                                               ;
; Total memory bits                  ; 737,280 / 2,562,048 ( 29 % )                    ;
; Embedded Multiplier 9-bit elements ; 0 / 280 ( 0 % )                                 ;
; Total GXB Receiver Channel PCS     ; 0 / 4 ( 0 % )                                   ;
; Total GXB Receiver Channel PMA     ; 0 / 4 ( 0 % )                                   ;
; Total GXB Transmitter Channel PCS  ; 0 / 4 ( 0 % )                                   ;
; Total GXB Transmitter Channel PMA  ; 0 / 4 ( 0 % )                                   ;
; Total PLLs                         ; 0 / 6 ( 0 % )                                   ;
+------------------------------------+-------------------------------------------------+


+-----------------------------------------+
; Flow Settings                           ;
+-------------------+---------------------+
; Option            ; Setting             ;
+-------------------+---------------------+
; Start date & time ; 10/25/2018 11:19:04 ;
; Main task         ; Compilation         ;
; Revision Name     ; motor               ;
+-------------------+---------------------+


+----------------------------------------------------------------------------------------------------------------------------------------------------+
; Flow Non-Default Global Settings                                                                                                                   ;
+-------------------------------------+-------------------------------------------------------------+---------------+-------------+------------------+
; Assignment Name                     ; Value                                                       ; Default Value ; Entity Name ; Section Id       ;
+-------------------------------------+-------------------------------------------------------------+---------------+-------------+------------------+
; COMPILER_SIGNATURE_ID               ; 26601949106525.154043754401684                              ; --            ; --          ; --               ;
; ENABLE_SIGNALTAP                    ; On                                                          ; --            ; --          ; --               ;
; MAX_CORE_JUNCTION_TEMP              ; 100                                                         ; --            ; --          ; --               ;
; MIN_CORE_JUNCTION_TEMP              ; -40                                                         ; --            ; --          ; --               ;
; NOMINAL_CORE_SUPPLY_VOLTAGE         ; 1.2V                                                        ; --            ; --          ; --               ;
; PARTITION_COLOR                     ; -- (Not supported for targeted family)                      ; --            ; motor_test  ; Top              ;
; PARTITION_FITTER_PRESERVATION_LEVEL ; -- (Not supported for targeted family)                      ; --            ; motor_test  ; Top              ;
; PARTITION_NETLIST_TYPE              ; -- (Not supported for targeted family)                      ; --            ; motor_test  ; Top              ;
; POWER_BOARD_THERMAL_MODEL           ; None (CONSERVATIVE)                                         ; --            ; --          ; --               ;
; POWER_PRESET_COOLING_SOLUTION       ; 23 MM HEAT SINK WITH 200 LFPM AIRFLOW                       ; --            ; --          ; --               ;
; PROJECT_OUTPUT_DIRECTORY            ; output_files                                                ; --            ; --          ; --               ;
; SLD_FILE                            ; db/readhead_sig_auto_stripped.stp                           ; --            ; --          ; --               ;
; SLD_NODE_CREATOR_ID                 ; 110                                                         ; --            ; --          ; auto_signaltap_0 ;
; SLD_NODE_ENTITY_NAME                ; sld_signaltap                                               ; --            ; --          ; auto_signaltap_0 ;
; SLD_NODE_PARAMETER_ASSIGNMENT       ; SLD_RAM_BLOCK_TYPE=AUTO                                     ; --            ; --          ; auto_signaltap_0 ;
; SLD_NODE_PARAMETER_ASSIGNMENT       ; SLD_NODE_INFO=805334528                                     ; --            ; --          ; auto_signaltap_0 ;
; SLD_NODE_PARAMETER_ASSIGNMENT       ; SLD_POWER_UP_TRIGGER=0                                      ; --            ; --          ; auto_signaltap_0 ;
; SLD_NODE_PARAMETER_ASSIGNMENT       ; SLD_STORAGE_QUALIFIER_INVERSION_MASK_LENGTH=0               ; --            ; --          ; auto_signaltap_0 ;
; SLD_NODE_PARAMETER_ASSIGNMENT       ; SLD_ATTRIBUTE_MEM_MODE=OFF                                  ; --            ; --          ; auto_signaltap_0 ;
; SLD_NODE_PARAMETER_ASSIGNMENT       ; SLD_STATE_FLOW_USE_GENERATED=0                              ; --            ; --          ; auto_signaltap_0 ;
; SLD_NODE_PARAMETER_ASSIGNMENT       ; SLD_STATE_BITS=11                                           ; --            ; --          ; auto_signaltap_0 ;
; SLD_NODE_PARAMETER_ASSIGNMENT       ; SLD_BUFFER_FULL_STOP=1                                      ; --            ; --          ; auto_signaltap_0 ;
; SLD_NODE_PARAMETER_ASSIGNMENT       ; SLD_CURRENT_RESOURCE_WIDTH=1                                ; --            ; --          ; auto_signaltap_0 ;
; SLD_NODE_PARAMETER_ASSIGNMENT       ; SLD_INCREMENTAL_ROUTING=1                                   ; --            ; --          ; auto_signaltap_0 ;
; SLD_NODE_PARAMETER_ASSIGNMENT       ; SLD_TRIGGER_LEVEL=1                                         ; --            ; --          ; auto_signaltap_0 ;
; SLD_NODE_PARAMETER_ASSIGNMENT       ; SLD_TRIGGER_IN_ENABLED=0                                    ; --            ; --          ; auto_signaltap_0 ;
; SLD_NODE_PARAMETER_ASSIGNMENT       ; SLD_TRIGGER_PIPELINE=0                                      ; --            ; --          ; auto_signaltap_0 ;
; SLD_NODE_PARAMETER_ASSIGNMENT       ; SLD_RAM_PIPELINE=0                                          ; --            ; --          ; auto_signaltap_0 ;
; SLD_NODE_PARAMETER_ASSIGNMENT       ; SLD_COUNTER_PIPELINE=0                                      ; --            ; --          ; auto_signaltap_0 ;
; SLD_NODE_PARAMETER_ASSIGNMENT       ; SLD_ADVANCED_TRIGGER_ENTITY=basic,1,                        ; --            ; --          ; auto_signaltap_0 ;
; SLD_NODE_PARAMETER_ASSIGNMENT       ; SLD_TRIGGER_LEVEL_PIPELINE=1                                ; --            ; --          ; auto_signaltap_0 ;
; SLD_NODE_PARAMETER_ASSIGNMENT       ; SLD_ENABLE_ADVANCED_TRIGGER=0                               ; --            ; --          ; auto_signaltap_0 ;
; SLD_NODE_PARAMETER_ASSIGNMENT       ; SLD_DATA_BITS=3                                             ; --            ; --          ; auto_signaltap_0 ;
; SLD_NODE_PARAMETER_ASSIGNMENT       ; SLD_TRIGGER_BITS=3                                          ; --            ; --          ; auto_signaltap_0 ;
; SLD_NODE_PARAMETER_ASSIGNMENT       ; SLD_STORAGE_QUALIFIER_BITS=3                                ; --            ; --          ; auto_signaltap_0 ;
; SLD_NODE_PARAMETER_ASSIGNMENT       ; SLD_INVERSION_MASK=0000000000000000000000000000000000000000 ; --            ; --          ; auto_signaltap_0 ;
; SLD_NODE_PARAMETER_ASSIGNMENT       ; SLD_INVERSION_MASK_LENGTH=40                                ; --            ; --          ; auto_signaltap_0 ;
; SLD_NODE_PARAMETER_ASSIGNMENT       ; SLD_SEGMENT_SIZE=131072                                     ; --            ; --          ; auto_signaltap_0 ;
; SLD_NODE_PARAMETER_ASSIGNMENT       ; SLD_SAMPLE_DEPTH=131072                                     ; --            ; --          ; auto_signaltap_0 ;
; TOP_LEVEL_ENTITY                    ; motor_test                                                  ; motor         ; --          ; --               ;
; USE_SIGNALTAP_FILE                  ; output_files/readhead_sig.stp                               ; --            ; --          ; --               ;
; VERILOG_MACRO                       ; DEBUG=<None>                                                ; --            ; --          ; --               ;
; VERILOG_MACRO                       ; DEBUG_FEED=<None>                                           ; --            ; --          ; --               ;
; VERILOG_SHOW_LMF_MAPPING_MESSAGES   ; Off                                                         ; --            ; --          ; --               ;
+-------------------------------------+-------------------------------------------------------------+---------------+-------------+------------------+


+--------------------------------------------------------------------------------------------------------------------------+
; Flow Elapsed Time                                                                                                        ;
+----------------------+--------------+-------------------------+---------------------+------------------------------------+
; Module Name          ; Elapsed Time ; Average Processors Used ; Peak Virtual Memory ; Total CPU Time (on all processors) ;
+----------------------+--------------+-------------------------+---------------------+------------------------------------+
; Analysis & Synthesis ; 00:00:19     ; 1.0                     ; 4935 MB             ; 00:00:37                           ;
; Fitter               ; 00:00:09     ; 1.1                     ; 5933 MB             ; 00:00:13                           ;
; Assembler            ; 00:00:02     ; 1.0                     ; 4782 MB             ; 00:00:02                           ;
; Timing Analyzer      ; 00:00:03     ; 1.1                     ; 4956 MB             ; 00:00:02                           ;
; Analysis & Synthesis ; 00:00:28     ; 1.1                     ; 4933 MB             ; 00:00:45                           ;
; Partition Merge      ; 00:00:01     ; 1.0                     ; 4868 MB             ; 00:00:01                           ;
; Fitter               ; 00:00:11     ; 1.1                     ; 5939 MB             ; 00:00:16                           ;
; Assembler            ; 00:00:02     ; 1.0                     ; 4784 MB             ; 00:00:03                           ;
; Timing Analyzer      ; 00:00:03     ; 1.2                     ; 4964 MB             ; 00:00:02                           ;
; Analysis & Synthesis ; 00:00:19     ; 1.0                     ; 4941 MB             ; 00:00:36                           ;
; Partition Merge      ; 00:00:01     ; 1.0                     ; 4801 MB             ; 00:00:01                           ;
; Fitter               ; 00:00:10     ; 1.1                     ; 5943 MB             ; 00:00:16                           ;
; Assembler            ; 00:00:02     ; 1.0                     ; 4784 MB             ; 00:00:03                           ;
; Timing Analyzer      ; 00:00:03     ; 1.2                     ; 4965 MB             ; 00:00:03                           ;
; Analysis & Synthesis ; 00:00:26     ; 1.5                     ; 4950 MB             ; 00:00:56                           ;
; Partition Merge      ; 00:00:02     ; 1.0                     ; 4816 MB             ; 00:00:01                           ;
; Fitter               ; 00:00:11     ; 1.1                     ; 5967 MB             ; 00:00:19                           ;
; Assembler            ; 00:00:02     ; 1.0                     ; 4789 MB             ; 00:00:03                           ;
; Timing Analyzer      ; 00:00:02     ; 1.2                     ; 4977 MB             ; 00:00:03                           ;
; Analysis & Synthesis ; 00:00:20     ; 1.0                     ; 4957 MB             ; 00:00:37                           ;
; Partition Merge      ; 00:00:01     ; 1.0                     ; 4811 MB             ; 00:00:01                           ;
; Fitter               ; 00:00:12     ; 1.1                     ; 5963 MB             ; 00:00:19                           ;
; Assembler            ; 00:00:03     ; 1.0                     ; 4787 MB             ; 00:00:03                           ;
; Timing Analyzer      ; 00:00:03     ; 1.2                     ; 4977 MB             ; 00:00:03                           ;
; Total                ; 00:03:15     ; --                      ; --                  ; 00:05:25                           ;
+----------------------+--------------+-------------------------+---------------------+------------------------------------+


+------------------------------------------------------------------------------------+
; Flow OS Summary                                                                    ;
+----------------------+------------------+------------+------------+----------------+
; Module Name          ; Machine Hostname ; OS Name    ; OS Version ; Processor type ;
+----------------------+------------------+------------+------------+----------------+
; Analysis & Synthesis ; DESKTOP-R7MND3Q  ; Windows 10 ; 10.0       ; x86_64         ;
; Fitter               ; DESKTOP-R7MND3Q  ; Windows 10 ; 10.0       ; x86_64         ;
; Assembler            ; DESKTOP-R7MND3Q  ; Windows 10 ; 10.0       ; x86_64         ;
; Timing Analyzer      ; DESKTOP-R7MND3Q  ; Windows 10 ; 10.0       ; x86_64         ;
; Analysis & Synthesis ; DESKTOP-R7MND3Q  ; Windows 10 ; 10.0       ; x86_64         ;
; Partition Merge      ; DESKTOP-R7MND3Q  ; Windows 10 ; 10.0       ; x86_64         ;
; Fitter               ; DESKTOP-R7MND3Q  ; Windows 10 ; 10.0       ; x86_64         ;
; Assembler            ; DESKTOP-R7MND3Q  ; Windows 10 ; 10.0       ; x86_64         ;
; Timing Analyzer      ; DESKTOP-R7MND3Q  ; Windows 10 ; 10.0       ; x86_64         ;
; Analysis & Synthesis ; DESKTOP-R7MND3Q  ; Windows 10 ; 10.0       ; x86_64         ;
; Partition Merge      ; DESKTOP-R7MND3Q  ; Windows 10 ; 10.0       ; x86_64         ;
; Fitter               ; DESKTOP-R7MND3Q  ; Windows 10 ; 10.0       ; x86_64         ;
; Assembler            ; DESKTOP-R7MND3Q  ; Windows 10 ; 10.0       ; x86_64         ;
; Timing Analyzer      ; DESKTOP-R7MND3Q  ; Windows 10 ; 10.0       ; x86_64         ;
; Analysis & Synthesis ; DESKTOP-R7MND3Q  ; Windows 10 ; 10.0       ; x86_64         ;
; Partition Merge      ; DESKTOP-R7MND3Q  ; Windows 10 ; 10.0       ; x86_64         ;
; Fitter               ; DESKTOP-R7MND3Q  ; Windows 10 ; 10.0       ; x86_64         ;
; Assembler            ; DESKTOP-R7MND3Q  ; Windows 10 ; 10.0       ; x86_64         ;
; Timing Analyzer      ; DESKTOP-R7MND3Q  ; Windows 10 ; 10.0       ; x86_64         ;
; Analysis & Synthesis ; DESKTOP-R7MND3Q  ; Windows 10 ; 10.0       ; x86_64         ;
; Partition Merge      ; DESKTOP-R7MND3Q  ; Windows 10 ; 10.0       ; x86_64         ;
; Fitter               ; DESKTOP-R7MND3Q  ; Windows 10 ; 10.0       ; x86_64         ;
; Assembler            ; DESKTOP-R7MND3Q  ; Windows 10 ; 10.0       ; x86_64         ;
; Timing Analyzer      ; DESKTOP-R7MND3Q  ; Windows 10 ; 10.0       ; x86_64         ;
+----------------------+------------------+------------+------------+----------------+


------------
; Flow Log ;
------------
quartus_map --read_settings_files=on --write_settings_files=off motor -c motor
quartus_fit --read_settings_files=off --write_settings_files=off motor -c motor
quartus_asm --read_settings_files=off --write_settings_files=off motor -c motor
quartus_sta motor -c motor
quartus_map --read_settings_files=on --write_settings_files=off motor -c motor
quartus_cdb --read_settings_files=off --write_settings_files=off motor -c motor --merge=on
quartus_fit --read_settings_files=off --write_settings_files=off motor -c motor
quartus_asm --read_settings_files=off --write_settings_files=off motor -c motor
quartus_sta motor -c motor
quartus_map --read_settings_files=on --write_settings_files=off motor -c motor
quartus_cdb --read_settings_files=off --write_settings_files=off motor -c motor --merge=on
quartus_fit --read_settings_files=off --write_settings_files=off motor -c motor
quartus_asm --read_settings_files=off --write_settings_files=off motor -c motor
quartus_sta motor -c motor
quartus_map --read_settings_files=on --write_settings_files=off motor -c motor
quartus_cdb --read_settings_files=off --write_settings_files=off motor -c motor --merge=on
quartus_fit --read_settings_files=off --write_settings_files=off motor -c motor
quartus_asm --read_settings_files=off --write_settings_files=off motor -c motor
quartus_sta motor -c motor
quartus_map --read_settings_files=on --write_settings_files=off motor -c motor
quartus_cdb --read_settings_files=off --write_settings_files=off motor -c motor --merge=on
quartus_fit --read_settings_files=off --write_settings_files=off motor -c motor
quartus_asm --read_settings_files=off --write_settings_files=off motor -c motor
quartus_sta motor -c motor



